Arguments: 
  C:\Program Files\nodejs\node.exe C:\Users\gaill\AppData\Roaming\npm\node_modules\yarn\bin\yarn.js add react-rouder-dom

PATH: 
  C:\Program Files (x86)\Common Files\Oracle\Java\javapath;C:\Program Files (x86)\Intel\Intel(R) Management Engine Components\iCLS\;C:\Program Files\Intel\Intel(R) Management Engine Components\iCLS\;C:\WINDOWS\system32;C:\WINDOWS;C:\WINDOWS\System32\Wbem;C:\WINDOWS\System32\WindowsPowerShell\v1.0\;C:\WINDOWS\System32\OpenSSH\;C:\Program Files (x86)\Intel\Intel(R) Management Engine Components\DAL;C:\Program Files\Intel\Intel(R) Management Engine Components\DAL;C:\Program Files (x86)\Intel\Intel(R) Management Engine Components\IPT;C:\Program Files\Intel\Intel(R) Management Engine Components\IPT;C:\Program Files\Intel\WiFi\bin\;C:\Program Files\Common Files\Intel\WirelessCommon\;C:\MinGW\bin;C:\Program Files\Git\cmd;C:\Program Files\MATLAB\R2020a\bin;C:\Program Files\nodejs\;C:\Users\gaill\AppData\Local\Microsoft\WindowsApps;C:\Users\gaill\AppData\Local\atom\bin;C:\Users\gaill\AppData\Local\Programs\Microsoft VS Code\bin;C:\intelFPGA_lite\18.1\modelsim_ase\win32aloem;C:\Users\gaill\AppData\Local\GitHubDesktop\bin;C:\Users\gaill\AppData\Local\Microsoft\WindowsApps;"C:\wamp64\bin\php\php7.4.9;";C:\Users\gaill\AppData\Roaming\npm

Yarn version: 
  1.22.15

Node version: 
  16.9.0

Platform: 
  win32 x64

Trace: 
  Error: https://registry.yarnpkg.com/react-rouder-dom: Not found
      at Request.params.callback [as _callback] (C:\Users\gaill\AppData\Roaming\npm\node_modules\yarn\lib\cli.js:66140:18)
      at Request.self.callback (C:\Users\gaill\AppData\Roaming\npm\node_modules\yarn\lib\cli.js:140885:22)
      at Request.emit (node:events:394:28)
      at Request.<anonymous> (C:\Users\gaill\AppData\Roaming\npm\node_modules\yarn\lib\cli.js:141857:10)
      at Request.emit (node:events:394:28)
      at IncomingMessage.<anonymous> (C:\Users\gaill\AppData\Roaming\npm\node_modules\yarn\lib\cli.js:141779:12)
      at Object.onceWrapper (node:events:513:28)
      at IncomingMessage.emit (node:events:406:35)
      at endReadableNT (node:internal/streams/readable:1343:12)
      at processTicksAndRejections (node:internal/process/task_queues:83:21)

npm manifest: 
  {
    "name": "frontend",
    "version": "0.1.0",
    "private": true,
    "dependencies": {
      "plotly.js": "^2.6.4",
      "react": "^16.11.0",
      "react-dom": "^16.11.0",
      "react-plotly.js": "^2.5.1",
      "react-scripts": "3.2.0"
    },
    "scripts": {
      "start": "react-scripts start",
      "build": "react-scripts build",
      "test": "react-scripts test",
      "eject": "react-scripts eject",
      "storybook": "start-storybook -p 9009 -s public",
      "build-storybook": "build-storybook -s public"
    },
    "eslintConfig": {
      "extends": "react-app"
    },
    "browserslist": {
      "production": [
        ">0.2%",
        "not dead",
        "not op_mini all"
      ],
      "development": [
        "last 1 chrome version",
        "last 1 firefox version",
        "last 1 safari version"
      ]
    },
    "devDependencies": {
      "@storybook/addon-actions": "^5.2.6",
      "@storybook/addon-links": "^5.2.6",
      "@storybook/addons": "^5.2.6",
      "@storybook/react": "^5.2.6"
    }
  }

yarn manifest: 
  No manifest

Lockfile: 
  No lockfile
